c:\users\tinaz\documents\visual studio 2017\projects\shapes\shapes\debug\shapes.pch
c:\users\tinaz\documents\visual studio 2017\projects\shapes\shapes\debug\vc141.pdb
c:\users\tinaz\documents\visual studio 2017\projects\shapes\shapes\debug\vc141.idb
c:\users\tinaz\documents\visual studio 2017\projects\shapes\shapes\debug\stdafx.obj
c:\users\tinaz\documents\visual studio 2017\projects\shapes\shapes\debug\collisionedetection.obj
c:\users\tinaz\documents\visual studio 2017\projects\shapes\shapes\debug\field.obj
c:\users\tinaz\documents\visual studio 2017\projects\shapes\shapes\debug\shapebuilder.obj
c:\users\tinaz\documents\visual studio 2017\projects\shapes\shapes\debug\main.obj
c:\users\tinaz\documents\visual studio 2017\projects\shapes\shapes\debug\circle.obj
c:\users\tinaz\documents\visual studio 2017\projects\shapes\shapes\debug\color.obj
c:\users\tinaz\documents\visual studio 2017\projects\shapes\shapes\debug\vector2d.obj
c:\users\tinaz\documents\visual studio 2017\projects\shapes\shapes\debug\polygon.obj
c:\users\tinaz\documents\visual studio 2017\projects\shapes\shapes\debug\rectangle.obj
c:\users\tinaz\documents\visual studio 2017\projects\shapes\debug\shapes.ilk
c:\users\tinaz\documents\visual studio 2017\projects\shapes\debug\shapes.exe
c:\users\tinaz\documents\visual studio 2017\projects\shapes\debug\shapes.pdb
c:\users\tinaz\documents\visual studio 2017\projects\shapes\shapes\debug\shapes.res
c:\users\tinaz\documents\visual studio 2017\projects\shapes\shapes\debug\shapes.tlog\cl.command.1.tlog
c:\users\tinaz\documents\visual studio 2017\projects\shapes\shapes\debug\shapes.tlog\cl.read.1.tlog
c:\users\tinaz\documents\visual studio 2017\projects\shapes\shapes\debug\shapes.tlog\cl.write.1.tlog
c:\users\tinaz\documents\visual studio 2017\projects\shapes\shapes\debug\shapes.tlog\link.command.1.tlog
c:\users\tinaz\documents\visual studio 2017\projects\shapes\shapes\debug\shapes.tlog\link.read.1.tlog
c:\users\tinaz\documents\visual studio 2017\projects\shapes\shapes\debug\shapes.tlog\link.write.1.tlog
c:\users\tinaz\documents\visual studio 2017\projects\shapes\shapes\debug\shapes.tlog\rc.command.1.tlog
c:\users\tinaz\documents\visual studio 2017\projects\shapes\shapes\debug\shapes.tlog\rc.read.1.tlog
c:\users\tinaz\documents\visual studio 2017\projects\shapes\shapes\debug\shapes.tlog\rc.write.1.tlog
